ERROR: LoadError: InitError: UndefVarError: search not defined
Stacktrace:
 [1] getproperty at ./sysimg.jl:13 [inlined]
 [2] update_env() at /Users/eschnett/.julia/packages/Homebrew/PB4OI/src/util.jl:17
 [3] __init__() at /Users/eschnett/.julia/packages/Homebrew/PB4OI/src/Homebrew.jl:42
 [4] _include_from_serialized(::String, ::Array{Any,1}) at ./loading.jl:627
 [5] macro expansion at ./logging.jl:312 [inlined]
 [6] _require_search_from_serialized(::Base.PkgId, ::String) at ./loading.jl:698
 [7] _require(::Base.PkgId) at ./loading.jl:931
 [8] require(::Base.PkgId) at ./loading.jl:852
 [9] macro expansion at ./logging.jl:311 [inlined]
 [10] require(::Module, ::Symbol) at ./loading.jl:834
 [11] top-level scope at /Users/eschnett/.julia/dev/Hwloc/deps/build.jl:19
 [12] include at ./boot.jl:317 [inlined]
 [13] include_relative(::Module, ::String) at ./loading.jl:1038
 [14] include(::Module, ::String) at ./sysimg.jl:29
 [15] include(::String) at ./client.jl:388
 [16] top-level scope at none:0
during initialization of module Homebrew
in expression starting at /Users/eschnett/.julia/dev/Hwloc/deps/build.jl:18
